<?xml version="1.0" encoding="UTF-8"?>
<testsuite xmlns:xsi="http://www.w3.org/2001/XMLSchema-instance" xsi:noNamespaceSchemaLocation="https://maven.apache.org/surefire/maven-surefire-plugin/xsd/surefire-test-report-3.0.xsd" version="3.0" name="TestSuite" time="148.659" tests="4" errors="0" skipped="0" failures="2">
  <properties>
[...]
</properties>
  <testcase name="TestSetup" classname="BaseTesting.BaseTest" time="58.393">
    <system-out><![CDATA[
]]></system-out>
    <system-err><![CDATA[SLF4J: Failed to load class "org.slf4j.impl.StaticLoggerBinder".
SLF4J: Defaulting to no-operation (NOP) logger implementation
SLF4J: See http://www.slf4j.org/codes.html#StaticLoggerBinder for further details.
Starting ChromeDriver 94.0.4606.61 (418b78f5838ed0b1c69bb4e51ea0252171854915-refs/branch-heads/4606@{#1204}) on port 62288
Only local connections are allowed.
Please see https://chromedriver.chromium.org/security-considerations for suggestions on keeping ChromeDriver safe.
ChromeDriver was started successfully.
[1635492729.887][WARNING]: This version of ChromeDriver has not been tested with Chrome version 95.
Oct 29, 2021 1:02:10 PM org.openqa.selenium.remote.ProtocolHandshake createSession
INFO: Detected dialect: W3C
Oct 29, 2021 1:02:11 PM org.openqa.selenium.devtools.CdpVersionFinder findNearestMatch
INFO: Found exact CDP implementation for version 95
]]></system-err>
  </testcase>
  <testcase name="AppointSetup" classname="ApointTest.Appointment" time="46.26">
    <failure message="element click intercepted: Element &lt;td data-date=&quot;...&quot; class=&quot;ripple-element ripple-327234634 ripple-running-468058989 emsb-service-date-available&quot; data-servicedateid=&quot;219082-2021-10-30&quot; title=&quot;Available 1&quot; disabled=&quot;disabled&quot; data-toggle=&quot;tooltip&quot;&gt;30&lt;/td&gt; is not clickable at point (807, 506). Other element would receive the click: &lt;div class=&quot;emsb-calender-loading-gif&quot; style=&quot;display: flex;&quot;&gt;...&lt;/div&gt;&#10;  (Session info: chrome=95.0.4638.54)&#10;Build info: version: &apos;4.0.0-rc-3&apos;, revision: &apos;5fe1af712f&apos;&#10;System info: host: &apos;MT-PG02HEP4&apos;, ip: &apos;192.168.1.17&apos;, os.name: &apos;Windows 10&apos;, os.arch: &apos;amd64&apos;, os.version: &apos;10.0&apos;, java.version: &apos;11.0.11&apos;&#10;Driver info: org.openqa.selenium.chrome.ChromeDriver&#10;Command: [c1f4132d27ec96f3c42677a744ff0102, clickElement {id=cf1d1ada-e5dd-4081-8e9a-98557361ed9e}]&#10;Capabilities {acceptInsecureCerts: false, browserName: chrome, browserVersion: 95.0.4638.54, chrome: {chromedriverVersion: 94.0.4606.61 (418b78f5838ed..., userDataDir: C:\Users\SHUBHA~1\AppData\L...}, goog:chromeOptions: {debuggerAddress: localhost:62592}, javascriptEnabled: true, networkConnectionEnabled: false, pageLoadStrategy: normal, platform: WINDOWS, platformName: WINDOWS, proxy: Proxy(), se:cdp: ws://localhost:62592/devtoo..., se:cdpVersion: 95.0.4638.54, setWindowRect: true, strictFileInteractability: false, timeouts: {implicit: 0, pageLoad: 300000, script: 30000}, unhandledPromptBehavior: dismiss and notify, webauthn:extension:credBlob: true, webauthn:extension:largeBlob: true, webauthn:virtualAuthenticators: true}&#10;Element: [[ChromeDriver: chrome on WINDOWS (c1f4132d27ec96f3c42677a744ff0102)] -&gt; xpath: //td[@data-date=&apos;30&apos;]]&#10;Session ID: c1f4132d27ec96f3c42677a744ff0102" type="org.openqa.selenium.ElementClickInterceptedException"><![CDATA[org.openqa.selenium.ElementClickInterceptedException: 
element click intercepted: Element <td data-date="..." class="ripple-element ripple-327234634 ripple-running-468058989 emsb-service-date-available" data-servicedateid="219082-2021-10-30" title="Available 1" disabled="disabled" data-toggle="tooltip">30</td> is not clickable at point (807, 506). Other element would receive the click: <div class="emsb-calender-loading-gif" style="display: flex;">...</div>
  (Session info: chrome=95.0.4638.54)
Build info: version: '4.0.0-rc-3', revision: '5fe1af712f'
System info: host: 'MT-PG02HEP4', ip: '192.168.1.17', os.name: 'Windows 10', os.arch: 'amd64', os.version: '10.0', java.version: '11.0.11'
Driver info: org.openqa.selenium.chrome.ChromeDriver
Command: [c1f4132d27ec96f3c42677a744ff0102, clickElement {id=cf1d1ada-e5dd-4081-8e9a-98557361ed9e}]
Capabilities {acceptInsecureCerts: false, browserName: chrome, browserVersion: 95.0.4638.54, chrome: {chromedriverVersion: 94.0.4606.61 (418b78f5838ed..., userDataDir: C:\Users\SHUBHA~1\AppData\L...}, goog:chromeOptions: {debuggerAddress: localhost:62592}, javascriptEnabled: true, networkConnectionEnabled: false, pageLoadStrategy: normal, platform: WINDOWS, platformName: WINDOWS, proxy: Proxy(), se:cdp: ws://localhost:62592/devtoo..., se:cdpVersion: 95.0.4638.54, setWindowRect: true, strictFileInteractability: false, timeouts: {implicit: 0, pageLoad: 300000, script: 30000}, unhandledPromptBehavior: dismiss and notify, webauthn:extension:credBlob: true, webauthn:extension:largeBlob: true, webauthn:virtualAuthenticators: true}
Element: [[ChromeDriver: chrome on WINDOWS (c1f4132d27ec96f3c42677a744ff0102)] -> xpath: //td[@data-date='30']]
Session ID: c1f4132d27ec96f3c42677a744ff0102
	at ApointTest.Appointment.AppointSetup(Appointment.java:37)
]]></failure>
    <system-err><![CDATA[Starting ChromeDriver 94.0.4606.61 (418b78f5838ed0b1c69bb4e51ea0252171854915-refs/branch-heads/4606@{#1204}) on port 55523
Only local connections are allowed.
Please see https://chromedriver.chromium.org/security-considerations for suggestions on keeping ChromeDriver safe.
ChromeDriver was started successfully.
[1635492785.180][WARNING]: This version of ChromeDriver has not been tested with Chrome version 95.
Oct 29, 2021 1:03:05 PM org.openqa.selenium.remote.ProtocolHandshake createSession
INFO: Detected dialect: W3C
Oct 29, 2021 1:03:05 PM org.openqa.selenium.devtools.CdpVersionFinder findNearestMatch
INFO: Found exact CDP implementation for version 95
]]></system-err>
  </testcase>
  <testcase name="ContactSetup" classname="ContactTest.Contacted" time="39.457">
    <system-err><![CDATA[Starting ChromeDriver 94.0.4606.61 (418b78f5838ed0b1c69bb4e51ea0252171854915-refs/branch-heads/4606@{#1204}) on port 57457
Only local connections are allowed.
Please see https://chromedriver.chromium.org/security-considerations for suggestions on keeping ChromeDriver safe.
ChromeDriver was started successfully.
[1635492831.639][WARNING]: This version of ChromeDriver has not been tested with Chrome version 95.
Oct 29, 2021 1:03:52 PM org.openqa.selenium.remote.ProtocolHandshake createSession
INFO: Detected dialect: W3C
Oct 29, 2021 1:03:52 PM org.openqa.selenium.devtools.CdpVersionFinder findNearestMatch
INFO: Found exact CDP implementation for version 95
]]></system-err>
  </testcase>
  <testcase name="closed" classname="ContactTest.Contacted" time="40.796">
    <failure message="invalid session id&#10;Build info: version: &apos;4.0.0-rc-3&apos;, revision: &apos;5fe1af712f&apos;&#10;System info: host: &apos;MT-PG02HEP4&apos;, ip: &apos;192.168.1.17&apos;, os.name: &apos;Windows 10&apos;, os.arch: &apos;amd64&apos;, os.version: &apos;10.0&apos;, java.version: &apos;11.0.11&apos;&#10;Driver info: org.openqa.selenium.chrome.ChromeDriver&#10;Command: [e7ec2c646c58a7b56c0e30194f8ad220, close {}]&#10;Capabilities {acceptInsecureCerts: false, browserName: chrome, browserVersion: 95.0.4638.54, chrome: {chromedriverVersion: 94.0.4606.61 (418b78f5838ed..., userDataDir: C:\Users\SHUBHA~1\AppData\L...}, goog:chromeOptions: {debuggerAddress: localhost:50469}, javascriptEnabled: true, networkConnectionEnabled: false, pageLoadStrategy: normal, platform: WINDOWS, platformName: WINDOWS, proxy: Proxy(), se:cdp: ws://localhost:50469/devtoo..., se:cdpVersion: 95.0.4638.54, setWindowRect: true, strictFileInteractability: false, timeouts: {implicit: 0, pageLoad: 300000, script: 30000}, unhandledPromptBehavior: dismiss and notify, webauthn:extension:credBlob: true, webauthn:extension:largeBlob: true, webauthn:virtualAuthenticators: true}&#10;Session ID: e7ec2c646c58a7b56c0e30194f8ad220" type="org.openqa.selenium.NoSuchSessionException"><![CDATA[org.openqa.selenium.NoSuchSessionException: 
invalid session id
Build info: version: '4.0.0-rc-3', revision: '5fe1af712f'
System info: host: 'MT-PG02HEP4', ip: '192.168.1.17', os.name: 'Windows 10', os.arch: 'amd64', os.version: '10.0', java.version: '11.0.11'
Driver info: org.openqa.selenium.chrome.ChromeDriver
Command: [e7ec2c646c58a7b56c0e30194f8ad220, close {}]
Capabilities {acceptInsecureCerts: false, browserName: chrome, browserVersion: 95.0.4638.54, chrome: {chromedriverVersion: 94.0.4606.61 (418b78f5838ed..., userDataDir: C:\Users\SHUBHA~1\AppData\L...}, goog:chromeOptions: {debuggerAddress: localhost:50469}, javascriptEnabled: true, networkConnectionEnabled: false, pageLoadStrategy: normal, platform: WINDOWS, platformName: WINDOWS, proxy: Proxy(), se:cdp: ws://localhost:50469/devtoo..., se:cdpVersion: 95.0.4638.54, setWindowRect: true, strictFileInteractability: false, timeouts: {implicit: 0, pageLoad: 300000, script: 30000}, unhandledPromptBehavior: dismiss and notify, webauthn:extension:credBlob: true, webauthn:extension:largeBlob: true, webauthn:virtualAuthenticators: true}
Session ID: e7ec2c646c58a7b56c0e30194f8ad220
	at ContactTest.Contacted.closed(Contacted.java:45)
]]></failure>
  </testcase>
</testsuite>