<?xml version="1.0" encoding="UTF-8"?>
<testng-results ignored="0" total="1" passed="1" failed="0" skipped="0">
  <reporter-output>
  </reporter-output>
  <suite started-at="2021-10-29T12:44:13 IST" name="Surefire suite" finished-at="2021-10-29T12:44:13 IST" duration-ms="262">
    <groups>
    </groups>
    <test started-at="2021-10-29T12:44:13 IST" name="Surefire test" finished-at="2021-10-29T12:44:13 IST" duration-ms="262">
      <class name="Milestone.MilestoneAssess3.AppTest">
        <test-method signature="shouldAnswerWithTrue()" started-at="2021-10-29T12:44:13 IST" name="shouldAnswerWithTrue" finished-at="2021-10-29T12:44:13 IST" duration-ms="49" status="PASS">
          <reporter-output>
          </reporter-output>
        </test-method> <!-- shouldAnswerWithTrue -->
      </class> <!-- Milestone.MilestoneAssess3.AppTest -->
    </test> <!-- Surefire test -->
  </suite> <!-- Surefire suite -->
</testng-results>
