<?xml version="1.0" encoding="UTF-8"?>
<testng-results ignored="0" total="1" passed="1" failed="0" skipped="0">
  <reporter-output>
  </reporter-output>
  <suite started-at="2021-10-29T12:43:23 IST" name="Surefire suite" finished-at="2021-10-29T12:44:11 IST" duration-ms="47976">
    <groups>
    </groups>
    <test started-at="2021-10-29T12:43:23 IST" name="Surefire test" finished-at="2021-10-29T12:44:11 IST" duration-ms="47976">
      <class name="BaseTesting.BaseTest">
        <test-method signature="TestSetup()[pri:0, instance:BaseTesting.BaseTest@f8d9054e]" started-at="2021-10-29T12:43:23 IST" name="TestSetup" finished-at="2021-10-29T12:44:11 IST" duration-ms="47874" status="PASS">
          <reporter-output>
          </reporter-output>
        </test-method> <!-- TestSetup -->
      </class> <!-- BaseTesting.BaseTest -->
    </test> <!-- Surefire test -->
  </suite> <!-- Surefire suite -->
</testng-results>
