<?xml version="1.0" encoding="UTF-8"?>
<!-- Generated by org.testng.reporters.JUnitXMLReporter -->
<testsuite ignored="0" hostname="MT-PG02HEP4" failures="0" tests="3" name="Test" time="96.799" errors="0" timestamp="2021-10-29T12:47:59 IST">
  <testcase classname="BaseTesting.BaseTest" name="TestSetup" time="27.403"/>
  <testcase classname="ApointTest.Appointment" name="AppointSetup" time="36.309"/>
  <testcase classname="ContactTest.Contacted" name="ContactSetup" time="31.669"/>
</testsuite> <!-- Test -->
